[debug] [2017-10-06T12:12:21.920Z] ----------------------------------------------------------------------
[debug] [2017-10-06T12:12:21.925Z] Command:       C:\Program Files\nodejs\node.exe C:\Users\hello\AppData\Roaming\npm\node_modules\firebase-tools\bin\firebase init
[debug] [2017-10-06T12:12:21.925Z] CLI Version:   3.12.0
[debug] [2017-10-06T12:12:21.925Z] Platform:      win32
[debug] [2017-10-06T12:12:21.925Z] Node Version:  v6.10.0
[debug] [2017-10-06T12:12:21.925Z] Time:          Fri Oct 06 2017 17:42:21 GMT+0530 (India Standard Time)
[debug] [2017-10-06T12:12:21.925Z] ----------------------------------------------------------------------
[debug] 
[debug] [2017-10-06T12:12:21.965Z] > command requires scopes: ["email","openid","https://www.googleapis.com/auth/cloudplatformprojects.readonly","https://www.googleapis.com/auth/firebase"]
[debug] [2017-10-06T12:12:21.968Z] > authorizing via signed-in user
[info] 
     ######## #### ########  ######## ########     ###     ######  ########
     ##        ##  ##     ## ##       ##     ##  ##   ##  ##       ##
     ######    ##  ########  ######   ########  #########  ######  ######
     ##        ##  ##    ##  ##       ##     ## ##     ##       ## ##
     ##       #### ##     ## ######## ########  ##     ##  ######  ########

You're about to initialize a Firebase project in this directory:

  D:\Selvamani Work Space\selvamani\AjaxCall\simpleJqueryJSON

[info] 
=== Project Setup
[info] 
[info] First, let's associate this project directory with a Firebase project.
[info] You can create multiple project aliases by running firebase use --add, 
[info] but for now we'll just set up a default project.
[info] 
[debug] [2017-10-06T12:12:45.861Z] > refreshing access token with scopes: ["email","https://www.googleapis.com/auth/cloudplatformprojects.readonly","https://www.googleapis.com/auth/firebase","openid"]
[debug] [2017-10-06T12:12:45.861Z] >>> HTTP REQUEST POST https://www.googleapis.com/oauth2/v3/token { refresh_token: '1/keoxptp2MXKtObF_ti5-4GKjc83jT0ERxXiGrWXpEXk',
  client_id: '563584335869-fgrhgmd47bqnekij5i8b5pr03ho849e6.apps.googleusercontent.com',
  client_secret: 'j9iVZfS8kkCEFUPaAeJV0sAi',
  grant_type: 'refresh_token',
  scope: 'email https://www.googleapis.com/auth/cloudplatformprojects.readonly https://www.googleapis.com/auth/firebase openid' } 
 Fri Oct 06 2017 17:42:45 GMT+0530 (India Standard Time)
[debug] [2017-10-06T12:12:46.078Z] <<< HTTP RESPONSE 200
[debug] [2017-10-06T12:12:46.111Z] >>> HTTP REQUEST GET https://admin.firebase.com/v1/projects  
 Fri Oct 06 2017 17:42:46 GMT+0530 (India Standard Time)
[debug] [2017-10-06T12:12:47.561Z] <<< HTTP RESPONSE 200
[info] 
=== Hosting Setup
[info] 
[info] Your public directory is the folder (relative to your project directory) that
[info] will contain Hosting assets to be uploaded with firebase deploy. If you
[info] have a build process for your assets, use your build's output directory.
[info] 
